# JRE version: OpenJDK Runtime Environment (8.0_322-b06) (build 1.8.0_322-b06)
# Java VM: OpenJDK 64-Bit Server VM (25.322-b06 mixed mode windows-amd64 compressed oops)
Heap:
 PSYoungGen      total 223232K, used 75175K [0x00000000d5580000, 0x00000000e3f80000, 0x0000000100000000)
  eden space 210432K, 35% used [0x00000000d5580000,0x00000000d9ee9e48,0x00000000e2300000)
  from space 12800K, 0% used [0x00000000e2f80000,0x00000000e2f80000,0x00000000e3c00000)
  to   space 12800K, 0% used [0x00000000e2300000,0x00000000e2300000,0x00000000e2f80000)
 ParOldGen       total 98816K, used 15546K [0x0000000080000000, 0x0000000086080000, 0x00000000d5580000)
  object space 98816K, 15% used [0x0000000080000000,0x0000000080f2e960,0x0000000086080000)
 Metaspace       used 39023K, capacity 40754K, committed 41088K, reserved 1085440K
  class space    used 5567K, capacity 5889K, committed 6016K, reserved 1048576K
GC Heap History (10 events):
Event: 5.590 GC heap before
{Heap before GC invocations=4 (full 0):
 PSYoungGen      total 76288K, used 50165K [0x00000000d5580000, 0x00000000dea80000, 0x0000000100000000)
  eden space 65536K, 60% used [0x00000000d5580000,0x00000000d7bff288,0x00000000d9580000)
  from space 10752K, 99% used [0x00000000d9580000,0x00000000d9ffe558,0x00000000da000000)
  to   space 10752K, 0% used [0x00000000de000000,0x00000000de000000,0x00000000dea80000)
 ParOldGen       total 175104K, used 553K [0x0000000080000000, 0x000000008ab00000, 0x00000000d5580000)
  object space 175104K, 0% used [0x0000000080000000,0x000000008008a718,0x000000008ab00000)
 Metaspace       used 20549K, capacity 21280K, committed 21296K, reserved 1067008K
  class space    used 3010K, capacity 3194K, committed 3200K, reserved 1048576K
Event: 5.606 GC heap after
Heap after GC invocations=4 (full 0):
 PSYoungGen      total 141824K, used 10616K [0x00000000d5580000, 0x00000000dea80000, 0x0000000100000000)
  eden space 131072K, 0% used [0x00000000d5580000,0x00000000d5580000,0x00000000dd580000)
  from space 10752K, 98% used [0x00000000de000000,0x00000000dea5e120,0x00000000dea80000)
  to   space 10752K, 0% used [0x00000000dd580000,0x00000000dd580000,0x00000000de000000)
 ParOldGen       total 175104K, used 561K [0x0000000080000000, 0x000000008ab00000, 0x00000000d5580000)
  object space 175104K, 0% used [0x0000000080000000,0x000000008008c718,0x000000008ab00000)
 Metaspace       used 20549K, capacity 21280K, committed 21296K, reserved 1067008K
  class space    used 3010K, capacity 3194K, committed 3200K, reserved 1048576K
}
Event: 5.606 GC heap before
{Heap before GC invocations=5 (full 1):
 PSYoungGen      total 141824K, used 10616K [0x00000000d5580000, 0x00000000dea80000, 0x0000000100000000)
  eden space 131072K, 0% used [0x00000000d5580000,0x00000000d5580000,0x00000000dd580000)
  from space 10752K, 98% used [0x00000000de000000,0x00000000dea5e120,0x00000000dea80000)
  to   space 10752K, 0% used [0x00000000dd580000,0x00000000dd580000,0x00000000de000000)
 ParOldGen       total 175104K, used 561K [0x0000000080000000, 0x000000008ab00000, 0x00000000d5580000)
  object space 175104K, 0% used [0x0000000080000000,0x000000008008c718,0x000000008ab00000)
 Metaspace       used 20549K, capacity 21280K, committed 21296K, reserved 1067008K
  class space    used 3010K, capacity 3194K, committed 3200K, reserved 1048576K
Event: 5.656 GC heap after
Heap after GC invocations=5 (full 1):
 PSYoungGen      total 141824K, used 0K [0x00000000d5580000, 0x00000000dea80000, 0x0000000100000000)
  eden space 131072K, 0% used [0x00000000d5580000,0x00000000d5580000,0x00000000dd580000)
  from space 10752K, 0% used [0x00000000de000000,0x00000000de000000,0x00000000dea80000)
  to   space 10752K, 0% used [0x00000000dd580000,0x00000000dd580000,0x00000000de000000)
 ParOldGen       total 98816K, used 10235K [0x0000000080000000, 0x0000000086080000, 0x00000000d5580000)
  object space 98816K, 10% used [0x0000000080000000,0x00000000809fef08,0x0000000086080000)
 Metaspace       used 20549K, capacity 21280K, committed 21296K, reserved 1067008K
  class space    used 3010K, capacity 3194K, committed 3200K, reserved 1048576K
}
Event: 10.735 GC heap before
{Heap before GC invocations=6 (full 1):
 PSYoungGen      total 141824K, used 131072K [0x00000000d5580000, 0x00000000dea80000, 0x0000000100000000)
  eden space 131072K, 100% used [0x00000000d5580000,0x00000000dd580000,0x00000000dd580000)
  from space 10752K, 0% used [0x00000000de000000,0x00000000de000000,0x00000000dea80000)
  to   space 10752K, 0% used [0x00000000dd580000,0x00000000dd580000,0x00000000de000000)
 ParOldGen       total 98816K, used 10235K [0x0000000080000000, 0x0000000086080000, 0x00000000d5580000)
  object space 98816K, 10% used [0x0000000080000000,0x00000000809fef08,0x0000000086080000)
 Metaspace       used 29618K, capacity 31124K, committed 31232K, reserved 1075200K
  class space    used 4496K, capacity 4798K, committed 4864K, reserved 1048576K
Event: 10.750 GC heap after
Heap after GC invocations=6 (full 1):
 PSYoungGen      total 141824K, used 10518K [0x00000000d5580000, 0x00000000e3c00000, 0x0000000100000000)
  eden space 131072K, 0% used [0x00000000d5580000,0x00000000d5580000,0x00000000dd580000)
  from space 10752K, 97% used [0x00000000dd580000,0x00000000ddfc5b30,0x00000000de000000)
  to   space 12800K, 0% used [0x00000000e2f80000,0x00000000e2f80000,0x00000000e3c00000)
 ParOldGen       total 98816K, used 10243K [0x0000000080000000, 0x0000000086080000, 0x00000000d5580000)
  object space 98816K, 10% used [0x0000000080000000,0x0000000080a00f08,0x0000000086080000)
 Metaspace       used 29618K, capacity 31124K, committed 31232K, reserved 1075200K
  class space    used 4496K, capacity 4798K, committed 4864K, reserved 1048576K
}
Event: 11.552 GC heap before
{Heap before GC invocations=7 (full 1):
 PSYoungGen      total 141824K, used 42769K [0x00000000d5580000, 0x00000000e3c00000, 0x0000000100000000)
  eden space 131072K, 24% used [0x00000000d5580000,0x00000000d74feb48,0x00000000dd580000)
  from space 10752K, 97% used [0x00000000dd580000,0x00000000ddfc5b30,0x00000000de000000)
  to   space 12800K, 0% used [0x00000000e2f80000,0x00000000e2f80000,0x00000000e3c00000)
 ParOldGen       total 98816K, used 10243K [0x0000000080000000, 0x0000000086080000, 0x00000000d5580000)
  object space 98816K, 10% used [0x0000000080000000,0x0000000080a00f08,0x0000000086080000)
 Metaspace       used 33851K, capacity 35436K, committed 35496K, reserved 1079296K
  class space    used 4996K, capacity 5316K, committed 5376K, reserved 1048576K
Event: 11.568 GC heap after
Heap after GC invocations=7 (full 1):
 PSYoungGen      total 223232K, used 7935K [0x00000000d5580000, 0x00000000e3f80000, 0x0000000100000000)
  eden space 210432K, 0% used [0x00000000d5580000,0x00000000d5580000,0x00000000e2300000)
  from space 12800K, 61% used [0x00000000e2f80000,0x00000000e373fde0,0x00000000e3c00000)
  to   space 12800K, 0% used [0x00000000e2300000,0x00000000e2300000,0x00000000e2f80000)
 ParOldGen       total 98816K, used 10251K [0x0000000080000000, 0x0000000086080000, 0x00000000d5580000)
  object space 98816K, 10% used [0x0000000080000000,0x0000000080a02f08,0x0000000086080000)
 Metaspace       used 33851K, capacity 35436K, committed 35496K, reserved 1079296K
  class space    used 4996K, capacity 5316K, committed 5376K, reserved 1048576K
}
Event: 11.568 GC heap before
{Heap before GC invocations=8 (full 2):
 PSYoungGen      total 223232K, used 7935K [0x00000000d5580000, 0x00000000e3f80000, 0x0000000100000000)
  eden space 210432K, 0% used [0x00000000d5580000,0x00000000d5580000,0x00000000e2300000)
  from space 12800K, 61% used [0x00000000e2f80000,0x00000000e373fde0,0x00000000e3c00000)
  to   space 12800K, 0% used [0x00000000e2300000,0x00000000e2300000,0x00000000e2f80000)
 ParOldGen       total 98816K, used 10251K [0x0000000080000000, 0x0000000086080000, 0x00000000d5580000)
  object space 98816K, 10% used [0x0000000080000000,0x0000000080a02f08,0x0000000086080000)
 Metaspace       used 33851K, capacity 35436K, committed 35496K, reserved 1079296K
  class space    used 4996K, capacity 5316K, committed 5376K, reserved 1048576K
Event: 11.632 GC heap after
Heap after GC invocations=8 (full 2):
 PSYoungGen      total 223232K, used 0K [0x00000000d5580000, 0x00000000e3f80000, 0x0000000100000000)
  eden space 210432K, 0% used [0x00000000d5580000,0x00000000d5580000,0x00000000e2300000)
  from space 12800K, 0% used [0x00000000e2f80000,0x00000000e2f80000,0x00000000e3c00000)
  to   space 12800K, 0% used [0x00000000e2300000,0x00000000e2300000,0x00000000e2f80000)
 ParOldGen       total 98816K, used 15546K [0x0000000080000000, 0x0000000086080000, 0x00000000d5580000)
  object space 98816K, 15% used [0x0000000080000000,0x0000000080f2e960,0x0000000086080000)
 Metaspace       used 33848K, capacity 35424K, committed 35496K, reserved 1079296K
  class space    used 4994K, capacity 5314K, committed 5376K, reserved 1048576K
}

