# JRE version: OpenJDK Runtime Environment (8.0_322-b06) (build 1.8.0_322-b06)
# Java VM: OpenJDK 64-Bit Server VM (25.322-b06 mixed mode windows-amd64 compressed oops)
Heap:
 PSYoungGen      total 428544K, used 249101K [0x00000000d5580000, 0x00000000f0580000, 0x0000000100000000)
  eden space 417792K, 59% used [0x00000000d5580000,0x00000000e482b5e8,0x00000000eed80000)
  from space 10752K, 5% used [0x00000000efb00000,0x00000000efb98000,0x00000000f0580000)
  to   space 12288K, 0% used [0x00000000eed80000,0x00000000eed80000,0x00000000ef980000)
 ParOldGen       total 130560K, used 26803K [0x0000000080000000, 0x0000000087f80000, 0x00000000d5580000)
  object space 130560K, 20% used [0x0000000080000000,0x0000000081a2ced8,0x0000000087f80000)
 Metaspace       used 36780K, capacity 38602K, committed 38912K, reserved 1083392K
  class space    used 5222K, capacity 5582K, committed 5632K, reserved 1048576K
GC Heap History (10 events):
Event: 15.142 GC heap before
{Heap before GC invocations=20 (full 2):
 PSYoungGen      total 365056K, used 351277K [0x00000000d5580000, 0x00000000ec880000, 0x0000000100000000)
  eden space 350208K, 100% used [0x00000000d5580000,0x00000000eab80000,0x00000000eab80000)
  from space 14848K, 7% used [0x00000000eab80000,0x00000000eac8b510,0x00000000eba00000)
  to   space 14336K, 0% used [0x00000000eba80000,0x00000000eba80000,0x00000000ec880000)
 ParOldGen       total 130560K, used 22971K [0x0000000080000000, 0x0000000087f80000, 0x00000000d5580000)
  object space 130560K, 17% used [0x0000000080000000,0x000000008166eed8,0x0000000087f80000)
 Metaspace       used 36636K, capacity 38338K, committed 38656K, reserved 1083392K
  class space    used 5206K, capacity 5568K, committed 5632K, reserved 1048576K
Event: 15.144 GC heap after
Heap after GC invocations=20 (full 2):
 PSYoungGen      total 364544K, used 576K [0x00000000d5580000, 0x00000000ec880000, 0x0000000100000000)
  eden space 350208K, 0% used [0x00000000d5580000,0x00000000d5580000,0x00000000eab80000)
  from space 14336K, 4% used [0x00000000eba80000,0x00000000ebb10000,0x00000000ec880000)
  to   space 14848K, 0% used [0x00000000eab80000,0x00000000eab80000,0x00000000eba00000)
 ParOldGen       total 130560K, used 23683K [0x0000000080000000, 0x0000000087f80000, 0x00000000d5580000)
  object space 130560K, 18% used [0x0000000080000000,0x0000000081720ed8,0x0000000087f80000)
 Metaspace       used 36636K, capacity 38338K, committed 38656K, reserved 1083392K
  class space    used 5206K, capacity 5568K, committed 5632K, reserved 1048576K
}
Event: 15.565 GC heap before
{Heap before GC invocations=21 (full 2):
 PSYoungGen      total 364544K, used 350784K [0x00000000d5580000, 0x00000000ec880000, 0x0000000100000000)
  eden space 350208K, 100% used [0x00000000d5580000,0x00000000eab80000,0x00000000eab80000)
  from space 14336K, 4% used [0x00000000eba80000,0x00000000ebb10000,0x00000000ec880000)
  to   space 14848K, 0% used [0x00000000eab80000,0x00000000eab80000,0x00000000eba00000)
 ParOldGen       total 130560K, used 23683K [0x0000000080000000, 0x0000000087f80000, 0x00000000d5580000)
  object space 130560K, 18% used [0x0000000080000000,0x0000000081720ed8,0x0000000087f80000)
 Metaspace       used 36637K, capacity 38338K, committed 38656K, reserved 1083392K
  class space    used 5206K, capacity 5568K, committed 5632K, reserved 1048576K
Event: 15.568 GC heap after
Heap after GC invocations=21 (full 2):
 PSYoungGen      total 365056K, used 928K [0x00000000d5580000, 0x00000000f0780000, 0x0000000100000000)
  eden space 350208K, 0% used [0x00000000d5580000,0x00000000d5580000,0x00000000eab80000)
  from space 14848K, 6% used [0x00000000eab80000,0x00000000eac68000,0x00000000eba00000)
  to   space 12800K, 0% used [0x00000000efb00000,0x00000000efb00000,0x00000000f0780000)
 ParOldGen       total 130560K, used 24195K [0x0000000080000000, 0x0000000087f80000, 0x00000000d5580000)
  object space 130560K, 18% used [0x0000000080000000,0x00000000817a0ed8,0x0000000087f80000)
 Metaspace       used 36637K, capacity 38338K, committed 38656K, reserved 1083392K
  class space    used 5206K, capacity 5568K, committed 5632K, reserved 1048576K
}
Event: 15.922 GC heap before
{Heap before GC invocations=22 (full 2):
 PSYoungGen      total 365056K, used 351136K [0x00000000d5580000, 0x00000000f0780000, 0x0000000100000000)
  eden space 350208K, 100% used [0x00000000d5580000,0x00000000eab80000,0x00000000eab80000)
  from space 14848K, 6% used [0x00000000eab80000,0x00000000eac68000,0x00000000eba00000)
  to   space 12800K, 0% used [0x00000000efb00000,0x00000000efb00000,0x00000000f0780000)
 ParOldGen       total 130560K, used 24195K [0x0000000080000000, 0x0000000087f80000, 0x00000000d5580000)
  object space 130560K, 18% used [0x0000000080000000,0x00000000817a0ed8,0x0000000087f80000)
 Metaspace       used 36637K, capacity 38338K, committed 38656K, reserved 1083392K
  class space    used 5206K, capacity 5568K, committed 5632K, reserved 1048576K
Event: 15.925 GC heap after
Heap after GC invocations=22 (full 2):
 PSYoungGen      total 428544K, used 960K [0x00000000d5580000, 0x00000000f0580000, 0x0000000100000000)
  eden space 417792K, 0% used [0x00000000d5580000,0x00000000d5580000,0x00000000eed80000)
  from space 10752K, 8% used [0x00000000efb00000,0x00000000efbf0000,0x00000000f0580000)
  to   space 12288K, 0% used [0x00000000eed80000,0x00000000eed80000,0x00000000ef980000)
 ParOldGen       total 130560K, used 24987K [0x0000000080000000, 0x0000000087f80000, 0x00000000d5580000)
  object space 130560K, 19% used [0x0000000080000000,0x0000000081866ed8,0x0000000087f80000)
 Metaspace       used 36637K, capacity 38338K, committed 38656K, reserved 1083392K
  class space    used 5206K, capacity 5568K, committed 5632K, reserved 1048576K
}
Event: 16.351 GC heap before
{Heap before GC invocations=23 (full 2):
 PSYoungGen      total 428544K, used 418752K [0x00000000d5580000, 0x00000000f0580000, 0x0000000100000000)
  eden space 417792K, 100% used [0x00000000d5580000,0x00000000eed80000,0x00000000eed80000)
  from space 10752K, 8% used [0x00000000efb00000,0x00000000efbf0000,0x00000000f0580000)
  to   space 12288K, 0% used [0x00000000eed80000,0x00000000eed80000,0x00000000ef980000)
 ParOldGen       total 130560K, used 24987K [0x0000000080000000, 0x0000000087f80000, 0x00000000d5580000)
  object space 130560K, 19% used [0x0000000080000000,0x0000000081866ed8,0x0000000087f80000)
 Metaspace       used 36638K, capacity 38338K, committed 38656K, reserved 1083392K
  class space    used 5206K, capacity 5568K, committed 5632K, reserved 1048576K
Event: 16.354 GC heap after
Heap after GC invocations=23 (full 2):
 PSYoungGen      total 430080K, used 1120K [0x00000000d5580000, 0x00000000f0580000, 0x0000000100000000)
  eden space 417792K, 0% used [0x00000000d5580000,0x00000000d5580000,0x00000000eed80000)
  from space 12288K, 9% used [0x00000000eed80000,0x00000000eee98000,0x00000000ef980000)
  to   space 10752K, 0% used [0x00000000efb00000,0x00000000efb00000,0x00000000f0580000)
 ParOldGen       total 130560K, used 25819K [0x0000000080000000, 0x0000000087f80000, 0x00000000d5580000)
  object space 130560K, 19% used [0x0000000080000000,0x0000000081936ed8,0x0000000087f80000)
 Metaspace       used 36638K, capacity 38338K, committed 38656K, reserved 1083392K
  class space    used 5206K, capacity 5568K, committed 5632K, reserved 1048576K
}
Event: 16.672 GC heap before
{Heap before GC invocations=24 (full 2):
 PSYoungGen      total 430080K, used 418912K [0x00000000d5580000, 0x00000000f0580000, 0x0000000100000000)
  eden space 417792K, 100% used [0x00000000d5580000,0x00000000eed80000,0x00000000eed80000)
  from space 12288K, 9% used [0x00000000eed80000,0x00000000eee98000,0x00000000ef980000)
  to   space 10752K, 0% used [0x00000000efb00000,0x00000000efb00000,0x00000000f0580000)
 ParOldGen       total 130560K, used 25819K [0x0000000080000000, 0x0000000087f80000, 0x00000000d5580000)
  object space 130560K, 19% used [0x0000000080000000,0x0000000081936ed8,0x0000000087f80000)
 Metaspace       used 36638K, capacity 38338K, committed 38656K, reserved 1083392K
  class space    used 5206K, capacity 5568K, committed 5632K, reserved 1048576K
Event: 16.675 GC heap after
Heap after GC invocations=24 (full 2):
 PSYoungGen      total 428544K, used 608K [0x00000000d5580000, 0x00000000f0580000, 0x0000000100000000)
  eden space 417792K, 0% used [0x00000000d5580000,0x00000000d5580000,0x00000000eed80000)
  from space 10752K, 5% used [0x00000000efb00000,0x00000000efb98000,0x00000000f0580000)
  to   space 12288K, 0% used [0x00000000eed80000,0x00000000eed80000,0x00000000ef980000)
 ParOldGen       total 130560K, used 26803K [0x0000000080000000, 0x0000000087f80000, 0x00000000d5580000)
  object space 130560K, 20% used [0x0000000080000000,0x0000000081a2ced8,0x0000000087f80000)
 Metaspace       used 36638K, capacity 38338K, committed 38656K, reserved 1083392K
  class space    used 5206K, capacity 5568K, committed 5632K, reserved 1048576K
}

