# JRE version: OpenJDK Runtime Environment (8.0_322-b06) (build 1.8.0_322-b06)
# Java VM: OpenJDK 64-Bit Server VM (25.322-b06 mixed mode windows-amd64 compressed oops)
Heap:
 PSYoungGen      total 637952K, used 602083K [0x00000000d5580000, 0x00000000fdb00000, 0x0000000100000000)
  eden space 619008K, 97% used [0x00000000d5580000,0x00000000fa04ce70,0x00000000fb200000)
  from space 18944K, 6% used [0x00000000fb200000,0x00000000fb32c0b0,0x00000000fc480000)
  to   space 18432K, 0% used [0x00000000fc480000,0x00000000fc480000,0x00000000fd680000)
 ParOldGen       total 137728K, used 38807K [0x0000000080000000, 0x0000000088680000, 0x00000000d5580000)
  object space 137728K, 28% used [0x0000000080000000,0x00000000825e5e60,0x0000000088680000)
 Metaspace       used 49219K, capacity 52156K, committed 52352K, reserved 1093632K
  class space    used 6938K, capacity 7453K, committed 7552K, reserved 1048576K
GC Heap History (10 events):
Event: 17.021 GC heap before
{Heap before GC invocations=11 (full 2):
 PSYoungGen      total 335360K, used 335084K [0x00000000d5580000, 0x00000000eb200000, 0x0000000100000000)
  eden space 328192K, 100% used [0x00000000d5580000,0x00000000e9600000,0x00000000e9600000)
  from space 7168K, 96% used [0x00000000eab00000,0x00000000eb1bb038,0x00000000eb200000)
  to   space 13312K, 0% used [0x00000000e9800000,0x00000000e9800000,0x00000000ea500000)
 ParOldGen       total 137728K, used 15267K [0x0000000080000000, 0x0000000088680000, 0x00000000d5580000)
  object space 137728K, 11% used [0x0000000080000000,0x0000000080ee8c10,0x0000000088680000)
 Metaspace       used 48901K, capacity 51836K, committed 52096K, reserved 1093632K
  class space    used 6932K, capacity 7453K, committed 7552K, reserved 1048576K
Event: 17.043 GC heap after
Heap after GC invocations=11 (full 2):
 PSYoungGen      total 343552K, used 13283K [0x00000000d5580000, 0x00000000f1a00000, 0x0000000100000000)
  eden space 330240K, 0% used [0x00000000d5580000,0x00000000d5580000,0x00000000e9800000)
  from space 13312K, 99% used [0x00000000e9800000,0x00000000ea4f8ef0,0x00000000ea500000)
  to   space 17920K, 0% used [0x00000000f0880000,0x00000000f0880000,0x00000000f1a00000)
 ParOldGen       total 137728K, used 23086K [0x0000000080000000, 0x0000000088680000, 0x00000000d5580000)
  object space 137728K, 16% used [0x0000000080000000,0x000000008168bab8,0x0000000088680000)
 Metaspace       used 48901K, capacity 51836K, committed 52096K, reserved 1093632K
  class space    used 6932K, capacity 7453K, committed 7552K, reserved 1048576K
}
Event: 17.396 GC heap before
{Heap before GC invocations=12 (full 2):
 PSYoungGen      total 343552K, used 343523K [0x00000000d5580000, 0x00000000f1a00000, 0x0000000100000000)
  eden space 330240K, 100% used [0x00000000d5580000,0x00000000e9800000,0x00000000e9800000)
  from space 13312K, 99% used [0x00000000e9800000,0x00000000ea4f8ef0,0x00000000ea500000)
  to   space 17920K, 0% used [0x00000000f0880000,0x00000000f0880000,0x00000000f1a00000)
 ParOldGen       total 137728K, used 24184K [0x0000000080000000, 0x0000000088680000, 0x00000000d5580000)
  object space 137728K, 17% used [0x0000000080000000,0x000000008179e398,0x0000000088680000)
 Metaspace       used 49117K, capacity 52028K, committed 52352K, reserved 1093632K
  class space    used 6934K, capacity 7453K, committed 7552K, reserved 1048576K
Event: 17.418 GC heap after
Heap after GC invocations=12 (full 2):
 PSYoungGen      total 445952K, used 10837K [0x00000000d5580000, 0x00000000f4480000, 0x0000000100000000)
  eden space 428032K, 0% used [0x00000000d5580000,0x00000000d5580000,0x00000000ef780000)
  from space 17920K, 60% used [0x00000000f0880000,0x00000000f13155d0,0x00000000f1a00000)
  to   space 17408K, 0% used [0x00000000ef780000,0x00000000ef780000,0x00000000f0880000)
 ParOldGen       total 137728K, used 27863K [0x0000000080000000, 0x0000000088680000, 0x00000000d5580000)
  object space 137728K, 20% used [0x0000000080000000,0x0000000081b35f30,0x0000000088680000)
 Metaspace       used 49117K, capacity 52028K, committed 52352K, reserved 1093632K
  class space    used 6934K, capacity 7453K, committed 7552K, reserved 1048576K
}
Event: 17.698 GC heap before
{Heap before GC invocations=13 (full 2):
 PSYoungGen      total 445952K, used 438869K [0x00000000d5580000, 0x00000000f4480000, 0x0000000100000000)
  eden space 428032K, 100% used [0x00000000d5580000,0x00000000ef780000,0x00000000ef780000)
  from space 17920K, 60% used [0x00000000f0880000,0x00000000f13155d0,0x00000000f1a00000)
  to   space 17408K, 0% used [0x00000000ef780000,0x00000000ef780000,0x00000000f0880000)
 ParOldGen       total 137728K, used 27895K [0x0000000080000000, 0x0000000088680000, 0x00000000d5580000)
  object space 137728K, 20% used [0x0000000080000000,0x0000000081b3dde8,0x0000000088680000)
 Metaspace       used 49145K, capacity 52156K, committed 52352K, reserved 1093632K
  class space    used 6934K, capacity 7453K, committed 7552K, reserved 1048576K
Event: 17.709 GC heap after
Heap after GC invocations=13 (full 2):
 PSYoungGen      total 445440K, used 917K [0x00000000d5580000, 0x00000000fd680000, 0x0000000100000000)
  eden space 428032K, 0% used [0x00000000d5580000,0x00000000d5580000,0x00000000ef780000)
  from space 17408K, 5% used [0x00000000ef780000,0x00000000ef865780,0x00000000f0880000)
  to   space 18432K, 0% used [0x00000000fc480000,0x00000000fc480000,0x00000000fd680000)
 ParOldGen       total 137728K, used 37757K [0x0000000080000000, 0x0000000088680000, 0x00000000d5580000)
  object space 137728K, 27% used [0x0000000080000000,0x00000000824df4a8,0x0000000088680000)
 Metaspace       used 49145K, capacity 52156K, committed 52352K, reserved 1093632K
  class space    used 6934K, capacity 7453K, committed 7552K, reserved 1048576K
}
Event: 17.958 GC heap before
{Heap before GC invocations=14 (full 2):
 PSYoungGen      total 445440K, used 428949K [0x00000000d5580000, 0x00000000fd680000, 0x0000000100000000)
  eden space 428032K, 100% used [0x00000000d5580000,0x00000000ef780000,0x00000000ef780000)
  from space 17408K, 5% used [0x00000000ef780000,0x00000000ef865780,0x00000000f0880000)
  to   space 18432K, 0% used [0x00000000fc480000,0x00000000fc480000,0x00000000fd680000)
 ParOldGen       total 137728K, used 37764K [0x0000000080000000, 0x0000000088680000, 0x00000000d5580000)
  object space 137728K, 27% used [0x0000000080000000,0x00000000824e1128,0x0000000088680000)
 Metaspace       used 49177K, capacity 52156K, committed 52352K, reserved 1093632K
  class space    used 6935K, capacity 7453K, committed 7552K, reserved 1048576K
Event: 17.966 GC heap after
Heap after GC invocations=14 (full 2):
 PSYoungGen      total 637440K, used 1300K [0x00000000d5580000, 0x00000000fdb00000, 0x0000000100000000)
  eden space 619008K, 0% used [0x00000000d5580000,0x00000000d5580000,0x00000000fb200000)
  from space 18432K, 7% used [0x00000000fc480000,0x00000000fc5c5250,0x00000000fd680000)
  to   space 18944K, 0% used [0x00000000fb200000,0x00000000fb200000,0x00000000fc480000)
 ParOldGen       total 137728K, used 37988K [0x0000000080000000, 0x0000000088680000, 0x00000000d5580000)
  object space 137728K, 27% used [0x0000000080000000,0x0000000082519158,0x0000000088680000)
 Metaspace       used 49177K, capacity 52156K, committed 52352K, reserved 1093632K
  class space    used 6935K, capacity 7453K, committed 7552K, reserved 1048576K
}
Event: 18.291 GC heap before
{Heap before GC invocations=15 (full 2):
 PSYoungGen      total 637440K, used 620308K [0x00000000d5580000, 0x00000000fdb00000, 0x0000000100000000)
  eden space 619008K, 100% used [0x00000000d5580000,0x00000000fb200000,0x00000000fb200000)
  from space 18432K, 7% used [0x00000000fc480000,0x00000000fc5c5250,0x00000000fd680000)
  to   space 18944K, 0% used [0x00000000fb200000,0x00000000fb200000,0x00000000fc480000)
 ParOldGen       total 137728K, used 38463K [0x0000000080000000, 0x0000000088680000, 0x00000000d5580000)
  object space 137728K, 27% used [0x0000000080000000,0x000000008258fe10,0x0000000088680000)
 Metaspace       used 49218K, capacity 52156K, committed 52352K, reserved 1093632K
  class space    used 6938K, capacity 7453K, committed 7552K, reserved 1048576K
Event: 18.297 GC heap after
Heap after GC invocations=15 (full 2):
 PSYoungGen      total 637952K, used 1200K [0x00000000d5580000, 0x00000000fdb00000, 0x0000000100000000)
  eden space 619008K, 0% used [0x00000000d5580000,0x00000000d5580000,0x00000000fb200000)
  from space 18944K, 6% used [0x00000000fb200000,0x00000000fb32c0b0,0x00000000fc480000)
  to   space 18432K, 0% used [0x00000000fc480000,0x00000000fc480000,0x00000000fd680000)
 ParOldGen       total 137728K, used 38807K [0x0000000080000000, 0x0000000088680000, 0x00000000d5580000)
  object space 137728K, 28% used [0x0000000080000000,0x00000000825e5e60,0x0000000088680000)
 Metaspace       used 49218K, capacity 52156K, committed 52352K, reserved 1093632K
  class space    used 6938K, capacity 7453K, committed 7552K, reserved 1048576K
}

