# JRE version: OpenJDK Runtime Environment (8.0_322-b06) (build 1.8.0_322-b06)
# Java VM: OpenJDK 64-Bit Server VM (25.322-b06 mixed mode windows-amd64 compressed oops)
Heap:
 PSYoungGen      total 267776K, used 61215K [0x00000000d5580000, 0x00000000e6300000, 0x0000000100000000)
  eden space 260608K, 23% used [0x00000000d5580000,0x00000000d90cf458,0x00000000e5400000)
  from space 7168K, 6% used [0x00000000e5400000,0x00000000e5478b88,0x00000000e5b00000)
  to   space 7680K, 0% used [0x00000000e5b00000,0x00000000e5b00000,0x00000000e6280000)
 ParOldGen       total 156160K, used 39347K [0x0000000080000000, 0x0000000089880000, 0x00000000d5580000)
  object space 156160K, 25% used [0x0000000080000000,0x000000008266cc00,0x0000000089880000)
 Metaspace       used 42052K, capacity 44188K, committed 44416K, reserved 1087488K
  class space    used 5983K, capacity 6428K, committed 6528K, reserved 1048576K
GC Heap History (10 events):
Event: 18.515 GC heap before
{Heap before GC invocations=43 (full 2):
 PSYoungGen      total 238080K, used 229280K [0x00000000d5580000, 0x00000000e6900000, 0x0000000100000000)
  eden space 228864K, 100% used [0x00000000d5580000,0x00000000e3500000,0x00000000e3500000)
  from space 9216K, 4% used [0x00000000e3d00000,0x00000000e3d68000,0x00000000e4600000)
  to   space 8192K, 0% used [0x00000000e3500000,0x00000000e3500000,0x00000000e3d00000)
 ParOldGen       total 156160K, used 38010K [0x0000000080000000, 0x0000000089880000, 0x00000000d5580000)
  object space 156160K, 24% used [0x0000000080000000,0x000000008251ebd0,0x0000000089880000)
 Metaspace       used 42046K, capacity 44188K, committed 44416K, reserved 1087488K
  class space    used 5983K, capacity 6428K, committed 6528K, reserved 1048576K
Event: 18.516 GC heap after
Heap after GC invocations=43 (full 2):
 PSYoungGen      total 237056K, used 515K [0x00000000d5580000, 0x00000000e6280000, 0x0000000100000000)
  eden space 228864K, 0% used [0x00000000d5580000,0x00000000d5580000,0x00000000e3500000)
  from space 8192K, 6% used [0x00000000e3500000,0x00000000e3580e18,0x00000000e3d00000)
  to   space 7680K, 0% used [0x00000000e5b00000,0x00000000e5b00000,0x00000000e6280000)
 ParOldGen       total 156160K, used 38266K [0x0000000080000000, 0x0000000089880000, 0x00000000d5580000)
  object space 156160K, 24% used [0x0000000080000000,0x000000008255ebd0,0x0000000089880000)
 Metaspace       used 42046K, capacity 44188K, committed 44416K, reserved 1087488K
  class space    used 5983K, capacity 6428K, committed 6528K, reserved 1048576K
}
Event: 18.703 GC heap before
{Heap before GC invocations=44 (full 2):
 PSYoungGen      total 237056K, used 229379K [0x00000000d5580000, 0x00000000e6280000, 0x0000000100000000)
  eden space 228864K, 100% used [0x00000000d5580000,0x00000000e3500000,0x00000000e3500000)
  from space 8192K, 6% used [0x00000000e3500000,0x00000000e3580e18,0x00000000e3d00000)
  to   space 7680K, 0% used [0x00000000e5b00000,0x00000000e5b00000,0x00000000e6280000)
 ParOldGen       total 156160K, used 38266K [0x0000000080000000, 0x0000000089880000, 0x00000000d5580000)
  object space 156160K, 24% used [0x0000000080000000,0x000000008255ebd0,0x0000000089880000)
 Metaspace       used 42046K, capacity 44188K, committed 44416K, reserved 1087488K
  class space    used 5983K, capacity 6428K, committed 6528K, reserved 1048576K
Event: 18.708 GC heap after
Heap after GC invocations=44 (full 2):
 PSYoungGen      total 268288K, used 698K [0x00000000d5580000, 0x00000000e6300000, 0x0000000100000000)
  eden space 260608K, 0% used [0x00000000d5580000,0x00000000d5580000,0x00000000e5400000)
  from space 7680K, 9% used [0x00000000e5b00000,0x00000000e5baeab8,0x00000000e6280000)
  to   space 7168K, 0% used [0x00000000e5400000,0x00000000e5400000,0x00000000e5b00000)
 ParOldGen       total 156160K, used 38610K [0x0000000080000000, 0x0000000089880000, 0x00000000d5580000)
  object space 156160K, 24% used [0x0000000080000000,0x00000000825b4bd0,0x0000000089880000)
 Metaspace       used 42046K, capacity 44188K, committed 44416K, reserved 1087488K
  class space    used 5983K, capacity 6428K, committed 6528K, reserved 1048576K
}
Event: 18.908 GC heap before
{Heap before GC invocations=45 (full 2):
 PSYoungGen      total 268288K, used 261306K [0x00000000d5580000, 0x00000000e6300000, 0x0000000100000000)
  eden space 260608K, 100% used [0x00000000d5580000,0x00000000e5400000,0x00000000e5400000)
  from space 7680K, 9% used [0x00000000e5b00000,0x00000000e5baeab8,0x00000000e6280000)
  to   space 7168K, 0% used [0x00000000e5400000,0x00000000e5400000,0x00000000e5b00000)
 ParOldGen       total 156160K, used 38610K [0x0000000080000000, 0x0000000089880000, 0x00000000d5580000)
  object space 156160K, 24% used [0x0000000080000000,0x00000000825b4bd0,0x0000000089880000)
 Metaspace       used 42048K, capacity 44188K, committed 44416K, reserved 1087488K
  class space    used 5983K, capacity 6428K, committed 6528K, reserved 1048576K
Event: 18.913 GC heap after
Heap after GC invocations=45 (full 2):
 PSYoungGen      total 267776K, used 1515K [0x00000000d5580000, 0x00000000e6300000, 0x0000000100000000)
  eden space 260608K, 0% used [0x00000000d5580000,0x00000000d5580000,0x00000000e5400000)
  from space 7168K, 21% used [0x00000000e5400000,0x00000000e557ad00,0x00000000e5b00000)
  to   space 7680K, 0% used [0x00000000e5b00000,0x00000000e5b00000,0x00000000e6280000)
 ParOldGen       total 156160K, used 38970K [0x0000000080000000, 0x0000000089880000, 0x00000000d5580000)
  object space 156160K, 24% used [0x0000000080000000,0x000000008260ebf0,0x0000000089880000)
 Metaspace       used 42048K, capacity 44188K, committed 44416K, reserved 1087488K
  class space    used 5983K, capacity 6428K, committed 6528K, reserved 1048576K
}
Event: 19.169 GC heap before
{Heap before GC invocations=46 (full 2):
 PSYoungGen      total 267776K, used 262123K [0x00000000d5580000, 0x00000000e6300000, 0x0000000100000000)
  eden space 260608K, 100% used [0x00000000d5580000,0x00000000e5400000,0x00000000e5400000)
  from space 7168K, 21% used [0x00000000e5400000,0x00000000e557ad00,0x00000000e5b00000)
  to   space 7680K, 0% used [0x00000000e5b00000,0x00000000e5b00000,0x00000000e6280000)
 ParOldGen       total 156160K, used 38970K [0x0000000080000000, 0x0000000089880000, 0x00000000d5580000)
  object space 156160K, 24% used [0x0000000080000000,0x000000008260ebf0,0x0000000089880000)
 Metaspace       used 42051K, capacity 44188K, committed 44416K, reserved 1087488K
  class space    used 5983K, capacity 6428K, committed 6528K, reserved 1048576K
Event: 19.171 GC heap after
Heap after GC invocations=46 (full 2):
 PSYoungGen      total 268288K, used 422K [0x00000000d5580000, 0x00000000e6300000, 0x0000000100000000)
  eden space 260608K, 0% used [0x00000000d5580000,0x00000000d5580000,0x00000000e5400000)
  from space 7680K, 5% used [0x00000000e5b00000,0x00000000e5b699a0,0x00000000e6280000)
  to   space 7168K, 0% used [0x00000000e5400000,0x00000000e5400000,0x00000000e5b00000)
 ParOldGen       total 156160K, used 39218K [0x0000000080000000, 0x0000000089880000, 0x00000000d5580000)
  object space 156160K, 25% used [0x0000000080000000,0x000000008264cbf0,0x0000000089880000)
 Metaspace       used 42051K, capacity 44188K, committed 44416K, reserved 1087488K
  class space    used 5983K, capacity 6428K, committed 6528K, reserved 1048576K
}
Event: 19.434 GC heap before
{Heap before GC invocations=47 (full 2):
 PSYoungGen      total 268288K, used 261030K [0x00000000d5580000, 0x00000000e6300000, 0x0000000100000000)
  eden space 260608K, 100% used [0x00000000d5580000,0x00000000e5400000,0x00000000e5400000)
  from space 7680K, 5% used [0x00000000e5b00000,0x00000000e5b699a0,0x00000000e6280000)
  to   space 7168K, 0% used [0x00000000e5400000,0x00000000e5400000,0x00000000e5b00000)
 ParOldGen       total 156160K, used 39218K [0x0000000080000000, 0x0000000089880000, 0x00000000d5580000)
  object space 156160K, 25% used [0x0000000080000000,0x000000008264cbf0,0x0000000089880000)
 Metaspace       used 42052K, capacity 44188K, committed 44416K, reserved 1087488K
  class space    used 5983K, capacity 6428K, committed 6528K, reserved 1048576K
Event: 19.436 GC heap after
Heap after GC invocations=47 (full 2):
 PSYoungGen      total 267776K, used 482K [0x00000000d5580000, 0x00000000e6300000, 0x0000000100000000)
  eden space 260608K, 0% used [0x00000000d5580000,0x00000000d5580000,0x00000000e5400000)
  from space 7168K, 6% used [0x00000000e5400000,0x00000000e5478b88,0x00000000e5b00000)
  to   space 7680K, 0% used [0x00000000e5b00000,0x00000000e5b00000,0x00000000e6280000)
 ParOldGen       total 156160K, used 39347K [0x0000000080000000, 0x0000000089880000, 0x00000000d5580000)
  object space 156160K, 25% used [0x0000000080000000,0x000000008266cc00,0x0000000089880000)
 Metaspace       used 42052K, capacity 44188K, committed 44416K, reserved 1087488K
  class space    used 5983K, capacity 6428K, committed 6528K, reserved 1048576K
}

